-----
com.google.gson.JsonSyntaxException: java.lang.NumberFormatException: Expected an int but was 009800146130 at line 1 column 373 path $.foods[0].gtinUpc
	at com.google.gson.internal.bind.TypeAdapters$7.read(TypeAdapters.java:267)
	at com.google.gson.internal.bind.TypeAdapters$7.read(TypeAdapters.java:257)
	at com.google.gson.internal.bind.ReflectiveTypeAdapterFactory$2.readIntoArray(ReflectiveTypeAdapterFactory.java:257)
	at com.google.gson.internal.bind.ReflectiveTypeAdapterFactory$RecordAdapter.readField(ReflectiveTypeAdapterFactory.java:641)
	at com.google.gson.internal.bind.ReflectiveTypeAdapterFactory$RecordAdapter.readField(ReflectiveTypeAdapterFactory.java:570)
	at com.google.gson.internal.bind.ReflectiveTypeAdapterFactory$Adapter.read(ReflectiveTypeAdapterFactory.java:519)
	at com.google.gson.internal.bind.TypeAdapterRuntimeTypeWrapper.read(TypeAdapterRuntimeTypeWrapper.java:40)
	at com.google.gson.internal.bind.CollectionTypeAdapterFactory$Adapter.read(CollectionTypeAdapterFactory.java:84)
	at com.google.gson.internal.bind.CollectionTypeAdapterFactory$Adapter.read(CollectionTypeAdapterFactory.java:64)
	at com.google.gson.internal.bind.ReflectiveTypeAdapterFactory$2.readIntoArray(ReflectiveTypeAdapterFactory.java:257)
	at com.google.gson.internal.bind.ReflectiveTypeAdapterFactory$RecordAdapter.readField(ReflectiveTypeAdapterFactory.java:641)
	at com.google.gson.internal.bind.ReflectiveTypeAdapterFactory$RecordAdapter.readField(ReflectiveTypeAdapterFactory.java:570)
	at com.google.gson.internal.bind.ReflectiveTypeAdapterFactory$Adapter.read(ReflectiveTypeAdapterFactory.java:519)
	at com.google.gson.Gson.fromJson(Gson.java:1359)
	at com.google.gson.Gson.fromJson(Gson.java:1260)
	at com.google.gson.Gson.fromJson(Gson.java:1170)
	at com.google.gson.Gson.fromJson(Gson.java:1107)
	at bg.sofia.uni.fmi.mjt.food.server.retriever.FoodDataRetriever.getFood(FoodDataRetriever.java:61)
	at Main.main(Main.java:25)
Caused by: java.lang.NumberFormatException: Expected an int but was 009800146130 at line 1 column 373 path $.foods[0].gtinUpc
	at com.google.gson.stream.JsonReader.nextInt(JsonReader.java:1353)
	at com.google.gson.internal.bind.TypeAdapters$7.read(TypeAdapters.java:265)
	... 18 more
-----
com.google.gson.JsonSyntaxException: java.lang.NumberFormatException: Expected an int but was 009800146130 at line 1 column 373 path $.foods[0].gtinUpc
	at com.google.gson.internal.bind.TypeAdapters$7.read(TypeAdapters.java:267)
	at com.google.gson.internal.bind.TypeAdapters$7.read(TypeAdapters.java:257)
	at com.google.gson.internal.bind.ReflectiveTypeAdapterFactory$2.readIntoArray(ReflectiveTypeAdapterFactory.java:257)
	at com.google.gson.internal.bind.ReflectiveTypeAdapterFactory$RecordAdapter.readField(ReflectiveTypeAdapterFactory.java:641)
	at com.google.gson.internal.bind.ReflectiveTypeAdapterFactory$RecordAdapter.readField(ReflectiveTypeAdapterFactory.java:570)
	at com.google.gson.internal.bind.ReflectiveTypeAdapterFactory$Adapter.read(ReflectiveTypeAdapterFactory.java:519)
	at com.google.gson.internal.bind.TypeAdapterRuntimeTypeWrapper.read(TypeAdapterRuntimeTypeWrapper.java:40)
	at com.google.gson.internal.bind.CollectionTypeAdapterFactory$Adapter.read(CollectionTypeAdapterFactory.java:84)
	at com.google.gson.internal.bind.CollectionTypeAdapterFactory$Adapter.read(CollectionTypeAdapterFactory.java:64)
	at com.google.gson.internal.bind.ReflectiveTypeAdapterFactory$2.readIntoArray(ReflectiveTypeAdapterFactory.java:257)
	at com.google.gson.internal.bind.ReflectiveTypeAdapterFactory$RecordAdapter.readField(ReflectiveTypeAdapterFactory.java:641)
	at com.google.gson.internal.bind.ReflectiveTypeAdapterFactory$RecordAdapter.readField(ReflectiveTypeAdapterFactory.java:570)
	at com.google.gson.internal.bind.ReflectiveTypeAdapterFactory$Adapter.read(ReflectiveTypeAdapterFactory.java:519)
	at com.google.gson.Gson.fromJson(Gson.java:1359)
	at com.google.gson.Gson.fromJson(Gson.java:1260)
	at com.google.gson.Gson.fromJson(Gson.java:1170)
	at com.google.gson.Gson.fromJson(Gson.java:1107)
	at bg.sofia.uni.fmi.mjt.food.server.retriever.FoodDataRetriever.getFood(FoodDataRetriever.java:61)
	at Main.main(Main.java:25)
Caused by: java.lang.NumberFormatException: Expected an int but was 009800146130 at line 1 column 373 path $.foods[0].gtinUpc
	at com.google.gson.stream.JsonReader.nextInt(JsonReader.java:1353)
	at com.google.gson.internal.bind.TypeAdapters$7.read(TypeAdapters.java:265)
	... 18 more
